0 info it worked if it ends with ok
1 verbose cli [ 'C:\\Program Files\\nodejs\\\\node.exe',
1 verbose cli   'C:\\Program Files\\nodejs\\node_modules\\npm\\bin\\npm-cli.js',
1 verbose cli   'install' ]
2 info using npm@1.4.28
3 info using node@v0.10.32
4 verbose node symlink C:\Program Files\nodejs\\node.exe
5 warn package.json clement@1.0.0 No repository field.
6 verbose readDependencies using package.json deps
7 verbose install where, deps [ 'C:\\Users\\XHTG4382\\Desktop\\Projet\\clement',
7 verbose install   [ 'express', 'body-parser', 'swagger-node-express' ] ]
8 info preinstall clement@1.0.0
9 verbose readDependencies using package.json deps
10 verbose already installed skipping express@^4.0.0 C:\Users\XHTG4382\Desktop\Projet\clement
11 verbose already installed skipping body-parser@~1.0.0 C:\Users\XHTG4382\Desktop\Projet\clement
12 verbose cache add [ 'swagger-node-express@~2.0', null ]
13 verbose cache add name=undefined spec="swagger-node-express@~2.0" args=["swagger-node-express@~2.0",null]
14 verbose parsed url { protocol: null,
14 verbose parsed url   slashes: null,
14 verbose parsed url   auth: null,
14 verbose parsed url   host: null,
14 verbose parsed url   port: null,
14 verbose parsed url   hostname: null,
14 verbose parsed url   hash: null,
14 verbose parsed url   search: null,
14 verbose parsed url   query: null,
14 verbose parsed url   pathname: 'swagger-node-express@~2.0',
14 verbose parsed url   path: 'swagger-node-express@~2.0',
14 verbose parsed url   href: 'swagger-node-express@~2.0' }
15 verbose cache add name="swagger-node-express" spec="~2.0" args=["swagger-node-express","~2.0"]
16 verbose parsed url { protocol: null,
16 verbose parsed url   slashes: null,
16 verbose parsed url   auth: null,
16 verbose parsed url   host: null,
16 verbose parsed url   port: null,
16 verbose parsed url   hostname: null,
16 verbose parsed url   hash: null,
16 verbose parsed url   search: null,
16 verbose parsed url   query: null,
16 verbose parsed url   pathname: '~2.0',
16 verbose parsed url   path: '~2.0',
16 verbose parsed url   href: '~2.0' }
17 verbose addNamed [ 'swagger-node-express', '~2.0' ]
18 verbose addNamed [ null, '>=2.0.0-0 <2.1.0-0' ]
19 silly lockFile 9f973a89-swagger-node-express-2-0 swagger-node-express@~2.0
20 verbose lock swagger-node-express@~2.0 C:\Users\XHTG4382\AppData\Roaming\npm-cache\9f973a89-swagger-node-express-2-0.lock
21 silly addNameRange { name: 'swagger-node-express',
21 silly addNameRange   range: '>=2.0.0-0 <2.1.0-0',
21 silly addNameRange   hasData: false }
22 verbose request where is /swagger-node-express
23 verbose request registry http://registry.npmjs.org/
24 verbose request id a3915e839a65f4bc
25 verbose url raw /swagger-node-express
26 verbose url resolving [ 'http://registry.npmjs.org/', './swagger-node-express' ]
27 verbose url resolved http://registry.npmjs.org/swagger-node-express
28 verbose request where is http://registry.npmjs.org/swagger-node-express
29 info trying registry request attempt 1 at 10:59:06
30 http GET http://registry.npmjs.org/swagger-node-express
31 http 407 http://registry.npmjs.org/swagger-node-express
32 verbose bad json <HTML><HEAD>
32 verbose bad json <TITLE>Erreur d'authentification</TITLE>
32 verbose bad json </HEAD>
32 verbose bad json <style type="text/css">
32 verbose bad json 	table {
32 verbose bad json 		border: thin dotted #FF6600;
32 verbose bad json 	}
32 verbose bad json </style>
32 verbose bad json <BODY>
32 verbose bad json <FONT face="Helvetica"><big><strong></strong></big>
32 verbose bad json <BR></FONT>
32 verbose bad json <blockquote>
32 verbose bad json <TABLE border=0 cellPadding=6 width="90%" bordercolor=#FF6600>
32 verbose bad json <TR>
32 verbose bad json <TD><FONT face="Helvetica" color="#FF6600">
32 verbose bad json <big>Erreur d'authentification<br></FONT> <FONT face="Helvetica" color="#808080" size=2>(authentication_failed)</big>
32 verbose bad json <BR>
32 verbose bad json </FONT>
32 verbose bad json
32 verbose bad json <FONT face="Arial">Connectez vous avec votre compte e-buro.</FONT>
32 verbose bad json
32 verbose bad json <FONT face="Arial">Ce problème est souvent dû à une mauvaise saisie de votre identifiant e-buro et/ou du mot de passe associé.</FONT><br><br>
32 verbose bad json
32 verbose bad json 	<br><font face="Helvetica" color="#808080" size=2><u>Informations techniques à destination de la chaîne de soutien</u>:
32 verbose bad json
32 verbose bad json 	<br><font face="Helvetica" color="#808080" size=2>Request :
32 verbose bad json 	<font face="Helvetica" color="#808080" size=2>GET http://registry.npmjs.org/swagger-node-express HTTP/1.1
32 verbose bad json
32 verbose bad json         <br><font face="Helvetica" size=2>User and Group :
32 verbose bad json 	<font face="Helvetica" size=2> |
32 verbose bad json
32 verbose bad json 	<br><font face="Helvetica" size=2>Proxy name :
32 verbose bad json 	<font face="Helvetica" size=2>OPIGIPX4 | 10.115.64.1
32 verbose bad json
32 verbose bad json 	<br><font face="Helvetica" size=2>Date :
32 verbose bad json 	<font face="Helvetica" size=2>Tue, 03 Feb 2015 09:59:15 GMT<br>
32 verbose bad json </TR></TD>
32 verbose bad json </TABLE>
32 verbose bad json <FONT face="Helvetica" SIZE=2>
32 verbose bad json <BR>
32 verbose bad json
32 verbose bad json </FONT>
32 verbose bad json </blockquote>
32 verbose bad json </BODY></HTML>
33 error registry error parsing json
34 verbose headers { pragma: 'no-cache',
34 verbose headers   'content-type': 'text/html; charset=utf-8',
34 verbose headers   'content-length': '1417',
34 verbose headers   via: '1.1 proxy-str',
34 verbose headers   'cache-control': 'no-cache, proxy-revalidate',
34 verbose headers   connection: 'Keep-Alive',
34 verbose headers   'set-cookie': [ 'BCSI-CS-6fe7f3ae13297d97=2; Path=/' ],
34 verbose headers   date: 'Tue, 03 Feb 2015 09:59:14 GMT',
34 verbose headers   'proxy-authenticate': 'Basic realm="Cntlm for parent"' }
35 silly registry.get cb [ 407,
35 silly registry.get   { pragma: 'no-cache',
35 silly registry.get     'content-type': 'text/html; charset=utf-8',
35 silly registry.get     'content-length': '1417',
35 silly registry.get     via: '1.1 proxy-str',
35 silly registry.get     'cache-control': 'no-cache, proxy-revalidate',
35 silly registry.get     connection: 'Keep-Alive',
35 silly registry.get     'set-cookie': [ 'BCSI-CS-6fe7f3ae13297d97=2; Path=/' ],
35 silly registry.get     date: 'Tue, 03 Feb 2015 09:59:14 GMT',
35 silly registry.get     'proxy-authenticate': 'Basic realm="Cntlm for parent"' } ]
36 silly lockFile 9f973a89-swagger-node-express-2-0 swagger-node-express@~2.0
37 silly lockFile 9f973a89-swagger-node-express-2-0 swagger-node-express@~2.0
38 error SyntaxError: Unexpected token <
38 error <HTML><HEAD>
38 error <TITLE>Erreur d'authentification</TITLE>
38 error </HEAD>
38 error <style type="text/css">
38 error 	table {
38 error 		border: thin dotted #FF6600;
38 error 	}
38 error </style>
38 error <BODY>
38 error <FONT face="Helvetica"><big><strong></strong></big>
38 error <BR></FONT>
38 error <blockquote>
38 error <TABLE border=0 cellPadding=6 width="90%" bordercolor=#FF6600>
38 error <TR>
38 error <TD><FONT face="Helvetica" color="#FF6600">
38 error <big>Erreur d'authentification<br></FONT> <FONT face="Helvetica" color="#808080" size=2>(authentication_failed)</big>
38 error <BR>
38 error </FONT>
38 error
38 error <FONT face="Arial">Connectez vous avec votre compte e-buro.</FONT>
38 error
38 error <FONT face="Arial">Ce problème est souvent dû à une mauvaise saisie de votre identifiant e-buro et/ou du mot de passe associé.</FONT><br><br>
38 error
38 error 	<br><font face="Helvetica" color="#808080" size=2><u>Informations techniques à destination de la chaîne de soutien</u>:
38 error
38 error 	<br><font face="Helvetica" color="#808080" size=2>Request :
38 error 	<font face="Helvetica" color="#808080" size=2>GET http://registry.npmjs.org/swagger-node-express HTTP/1.1
38 error
38 error         <br><font face="Helvetica" size=2>User and Group :
38 error 	<font face="Helvetica" size=2> |
38 error
38 error 	<br><font face="Helvetica" size=2>Proxy name :
38 error 	<font face="Helvetica" size=2>OPIGIPX4 | 10.115.64.1
38 error
38 error 	<br><font face="Helvetica" size=2>Date :
38 error 	<font face="Helvetica" size=2>Tue, 03 Feb 2015 09:59:15 GMT<br>
38 error </TR></TD>
38 error </TABLE>
38 error <FONT face="Helvetica" SIZE=2>
38 error <BR>
38 error
38 error </FONT>
38 error </blockquote>
38 error </BODY></HTML>
38 error
38 error     at Object.parse (native)
38 error     at RegClient.<anonymous> (C:\Program Files\nodejs\node_modules\npm\node_modules\npm-registry-client\lib\request.js:274:23)
38 error     at Request._callback (C:\Program Files\nodejs\node_modules\npm\node_modules\npm-registry-client\lib\request.js:246:65)
38 error     at Request.self.callback (C:\Program Files\nodejs\node_modules\npm\node_modules\request\request.js:236:22)
38 error     at Request.emit (events.js:98:17)
38 error     at Request.<anonymous> (C:\Program Files\nodejs\node_modules\npm\node_modules\request\request.js:1142:14)
38 error     at Request.emit (events.js:117:20)
38 error     at IncomingMessage.<anonymous> (C:\Program Files\nodejs\node_modules\npm\node_modules\request\request.js:1096:12)
38 error     at IncomingMessage.emit (events.js:117:20)
38 error     at _stream_readable.js:943:16
39 error If you need help, you may report this *entire* log,
39 error including the npm and node versions, at:
39 error     <http://github.com/npm/npm/issues>
40 error System Windows_NT 6.1.7601
41 error command "C:\\Program Files\\nodejs\\\\node.exe" "C:\\Program Files\\nodejs\\node_modules\\npm\\bin\\npm-cli.js" "install"
42 error cwd C:\Users\XHTG4382\Desktop\Projet\clement
43 error node -v v0.10.32
44 error npm -v 1.4.28
45 error type unexpected_token
46 verbose exit [ 1, true ]
